2014-08-23 19:09:35,917 - [INFO] - from play in pool-4-thread-3 
Listening for HTTP on /0:0:0:0:0:0:0:0:9000

2014-08-23 19:10:01,467 - [INFO] - from play in play-internal-execution-context-1 
database [default] connected at jdbc:mysql://localhost/geomarket?characterEncoding=UTF-8

2014-08-23 19:10:02,078 - [INFO] - from play in play-internal-execution-context-1 
Application started (Dev)

2014-08-23 19:17:29,837 - [INFO] - from play in play-internal-execution-context-1 
database [default] connected at jdbc:mysql://localhost/geomarket?characterEncoding=UTF-8

2014-08-23 19:17:29,965 - [INFO] - from play in play-internal-execution-context-1 
Application started (Dev)

2014-08-23 19:18:28,712 - [ERROR] - from application in New I/O worker #9 


! @6jad8ef9c - Internal server error, for (GET) [/v1/events?lat=57.7101754&lon=11.9937122&lang=EN] ->

play.PlayExceptions$CompilationException: Compilation error[error: no suitable constructor found for Point(double,double)]
	at play.PlayReloader$$anon$1$$anonfun$reload$2$$anonfun$apply$14$$anonfun$apply$16.apply(PlayReloader.scala:304) ~[na:na]
	at play.PlayReloader$$anon$1$$anonfun$reload$2$$anonfun$apply$14$$anonfun$apply$16.apply(PlayReloader.scala:304) ~[na:na]
	at scala.Option.map(Option.scala:145) ~[scala-library.jar:na]
	at play.PlayReloader$$anon$1$$anonfun$reload$2$$anonfun$apply$14.apply(PlayReloader.scala:304) ~[na:na]
	at play.PlayReloader$$anon$1$$anonfun$reload$2$$anonfun$apply$14.apply(PlayReloader.scala:298) ~[na:na]
	at scala.Option.map(Option.scala:145) ~[scala-library.jar:na]
	at play.PlayReloader$$anon$1$$anonfun$reload$2.apply(PlayReloader.scala:298) ~[na:na]
	at play.PlayReloader$$anon$1$$anonfun$reload$2.apply(PlayReloader.scala:296) ~[na:na]
	at scala.util.Either$LeftProjection.map(Either.scala:377) ~[scala-library.jar:na]
	at play.PlayReloader$$anon$1.reload(PlayReloader.scala:296) ~[na:na]
	at play.core.ReloadableApplication$$anonfun$get$1.apply(ApplicationProvider.scala:104) ~[play_2.10.jar:2.2.4]
	at play.core.ReloadableApplication$$anonfun$get$1.apply(ApplicationProvider.scala:102) ~[play_2.10.jar:2.2.4]
	at scala.concurrent.impl.Future$PromiseCompletingRunnable.liftedTree1$1(Future.scala:24) ~[scala-library.jar:na]
	at scala.concurrent.impl.Future$PromiseCompletingRunnable.run(Future.scala:24) ~[scala-library.jar:na]
	at scala.concurrent.forkjoin.ForkJoinTask$AdaptedRunnableAction.exec(ForkJoinTask.java:1361) ~[scala-library.jar:na]
	at scala.concurrent.forkjoin.ForkJoinTask.doExec(ForkJoinTask.java:260) ~[scala-library.jar:na]
	at scala.concurrent.forkjoin.ForkJoinPool$WorkQueue.runTask(ForkJoinPool.java:1339) ~[scala-library.jar:na]
	at scala.concurrent.forkjoin.ForkJoinPool.runWorker(ForkJoinPool.java:1979) ~[scala-library.jar:na]
	at scala.concurrent.forkjoin.ForkJoinWorkerThread.run(ForkJoinWorkerThread.java:107) ~[scala-library.jar:na]

2014-08-23 19:21:07,668 - [INFO] - from play in play-internal-execution-context-1 
database [default] connected at jdbc:mysql://localhost/geomarket?characterEncoding=UTF-8

2014-08-23 19:21:07,761 - [INFO] - from play in play-internal-execution-context-1 
Application started (Dev)

2014-08-23 19:28:01,077 - [INFO] - from play in play-internal-execution-context-1 
database [default] connected at jdbc:mysql://localhost/geomarket?characterEncoding=UTF-8

2014-08-23 19:28:01,168 - [INFO] - from play in play-internal-execution-context-1 
Application started (Dev)

2014-08-23 19:28:01,175 - [INFO] - from application in play-akka.actor.default-dispatcher-14 
[GetEvents: lat =  0.0  lon = 1.0 language =  EN]

2014-08-23 19:29:07,424 - [INFO] - from play in play-internal-execution-context-1 
database [default] connected at jdbc:mysql://localhost/geomarket?characterEncoding=UTF-8

2014-08-23 19:29:07,513 - [INFO] - from play in play-internal-execution-context-1 
Application started (Dev)

2014-08-23 19:29:07,518 - [INFO] - from application in play-akka.actor.default-dispatcher-16 
[GetEvents: lat =  0.0  lon = 1.0 language =  en]

2014-08-23 19:29:07,752 - [INFO] - from application in play-akka.actor.default-dispatcher-16 
[GetEvents: lat =  57.7101843  lon = 11.9937401 language =  EN]

2014-08-23 19:29:09,938 - [INFO] - from application in play-akka.actor.default-dispatcher-16 
[GetEvents: lat =  0.0  lon = 1.0 language =  en]

2014-08-23 19:29:11,433 - [INFO] - from application in play-akka.actor.default-dispatcher-17 
[GetEvents: lat =  0.0  lon = 1.0 language =  en]

2014-08-23 19:29:14,339 - [INFO] - from application in play-akka.actor.default-dispatcher-16 
[GetEvents: lat =  57.7101917  lon = 11.9937209 language =  EN]

2014-08-23 19:29:34,472 - [INFO] - from application in play-akka.actor.default-dispatcher-16 
[GetEvents: lat =  57.7102193  lon = 11.9937069 language =  EN]

2014-08-23 19:29:48,974 - [INFO] - from application in play-akka.actor.default-dispatcher-18 
[GetEvents: lat =  0.0  lon = 1.0 language =  en]

2014-08-23 19:29:49,993 - [INFO] - from application in play-akka.actor.default-dispatcher-19 
[GetEvents: lat =  0.0  lon = 1.0 language =  en]

2014-08-23 19:29:51,039 - [INFO] - from application in play-akka.actor.default-dispatcher-18 
[GetEvents: lat =  0.0  lon = 1.0 language =  en]

2014-08-23 19:30:13,662 - [INFO] - from application in play-akka.actor.default-dispatcher-16 
[GetEvents: lat =  0.0  lon = 1.0 language =  en]

2014-08-23 19:30:22,906 - [INFO] - from application in play-akka.actor.default-dispatcher-16 
[GetEvents: lat =  0.0  lon = 1.0 language =  en]

2014-08-23 19:30:23,825 - [INFO] - from application in play-akka.actor.default-dispatcher-18 
[GetEvents: lat =  0.0  lon = 1.0 language =  en]

2014-08-23 19:30:24,515 - [INFO] - from application in play-akka.actor.default-dispatcher-16 
[GetEvents: lat =  0.0  lon = 1.0 language =  en]

2014-08-23 19:30:25,037 - [INFO] - from application in play-akka.actor.default-dispatcher-18 
[GetEvents: lat =  0.0  lon = 1.0 language =  en]

2014-08-23 19:30:25,339 - [INFO] - from application in play-akka.actor.default-dispatcher-18 
[GetEvents: lat =  0.0  lon = 1.0 language =  en]

2014-08-23 19:30:25,608 - [INFO] - from application in play-akka.actor.default-dispatcher-16 
[GetEvents: lat =  0.0  lon = 1.0 language =  en]

2014-08-23 19:30:28,368 - [INFO] - from application in play-akka.actor.default-dispatcher-18 
[GetEvents: lat =  0.0  lon = 1.0 language =  en]

2014-08-23 19:30:29,078 - [INFO] - from application in play-akka.actor.default-dispatcher-16 
[GetEvents: lat =  0.0  lon = 1.0 language =  en]

2014-08-23 19:30:29,860 - [INFO] - from application in play-akka.actor.default-dispatcher-18 
[GetEvents: lat =  0.0  lon = 1.0 language =  en]

2014-08-23 19:30:30,615 - [INFO] - from application in play-akka.actor.default-dispatcher-16 
[GetEvents: lat =  0.0  lon = 1.0 language =  en]

2014-08-23 19:30:31,356 - [INFO] - from application in play-akka.actor.default-dispatcher-18 
[GetEvents: lat =  0.0  lon = 1.0 language =  en]

2014-08-23 19:30:32,046 - [INFO] - from application in play-akka.actor.default-dispatcher-18 
[GetEvents: lat =  0.0  lon = 1.0 language =  en]

2014-08-23 19:30:40,632 - [INFO] - from application in play-akka.actor.default-dispatcher-16 
[GetEvents: lat =  0.0  lon = 1.0 language =  EN]

2014-08-23 19:30:46,336 - [INFO] - from application in play-akka.actor.default-dispatcher-18 
[GetEvents: lat =  12.3  lon = 13.1 language =  en]

2014-08-23 19:30:47,293 - [INFO] - from application in play-akka.actor.default-dispatcher-16 
[GetEvents: lat =  12.3  lon = 13.1 language =  en]

2014-08-23 19:30:59,922 - [INFO] - from application in play-akka.actor.default-dispatcher-18 
[GetEvents: lat =  12.3  lon = 13.1 language =  en]

2014-08-23 19:31:00,338 - [INFO] - from application in play-akka.actor.default-dispatcher-16 
[GetEvents: lat =  12.3  lon = 13.1 language =  en]

2014-08-23 19:31:01,293 - [INFO] - from application in play-akka.actor.default-dispatcher-16 
[GetEvents: lat =  12.3  lon = 13.1 language =  en]

2014-08-23 19:31:09,894 - [INFO] - from application in play-akka.actor.default-dispatcher-18 
[GetEvents: lat =  12.3  lon = 13.1 language =  en]

2014-08-23 19:32:43,530 - [INFO] - from play in play-internal-execution-context-1 
database [default] connected at jdbc:mysql://localhost/geomarket?characterEncoding=UTF-8

2014-08-23 19:32:43,617 - [INFO] - from play in play-internal-execution-context-1 
Application started (Dev)

2014-08-23 19:32:43,622 - [INFO] - from application in play-akka.actor.default-dispatcher-18 
[GetEvents: lat =  0.0  lon = 1.0 language =  EN]

2014-08-23 19:33:38,495 - [ERROR] - from application in New I/O worker #1 


! @6jadae958 - Internal server error, for (GET) [/v1/events?lon=1&lat=0&radius=5&lang=EN] ->

play.PlayExceptions$CompilationException: Compilation error[error: cannot find symbol]
	at play.PlayReloader$$anon$1$$anonfun$reload$2$$anonfun$apply$14$$anonfun$apply$16.apply(PlayReloader.scala:304) ~[na:na]
	at play.PlayReloader$$anon$1$$anonfun$reload$2$$anonfun$apply$14$$anonfun$apply$16.apply(PlayReloader.scala:304) ~[na:na]
	at scala.Option.map(Option.scala:145) ~[scala-library.jar:na]
	at play.PlayReloader$$anon$1$$anonfun$reload$2$$anonfun$apply$14.apply(PlayReloader.scala:304) ~[na:na]
	at play.PlayReloader$$anon$1$$anonfun$reload$2$$anonfun$apply$14.apply(PlayReloader.scala:298) ~[na:na]
	at scala.Option.map(Option.scala:145) ~[scala-library.jar:na]
	at play.PlayReloader$$anon$1$$anonfun$reload$2.apply(PlayReloader.scala:298) ~[na:na]
	at play.PlayReloader$$anon$1$$anonfun$reload$2.apply(PlayReloader.scala:296) ~[na:na]
	at scala.util.Either$LeftProjection.map(Either.scala:377) ~[scala-library.jar:na]
	at play.PlayReloader$$anon$1.reload(PlayReloader.scala:296) ~[na:na]
	at play.core.ReloadableApplication$$anonfun$get$1.apply(ApplicationProvider.scala:104) ~[play_2.10.jar:2.2.4]
	at play.core.ReloadableApplication$$anonfun$get$1.apply(ApplicationProvider.scala:102) ~[play_2.10.jar:2.2.4]
	at scala.concurrent.impl.Future$PromiseCompletingRunnable.liftedTree1$1(Future.scala:24) ~[scala-library.jar:na]
	at scala.concurrent.impl.Future$PromiseCompletingRunnable.run(Future.scala:24) ~[scala-library.jar:na]
	at scala.concurrent.forkjoin.ForkJoinTask$AdaptedRunnableAction.exec(ForkJoinTask.java:1361) ~[scala-library.jar:na]
	at scala.concurrent.forkjoin.ForkJoinTask.doExec(ForkJoinTask.java:260) ~[scala-library.jar:na]
	at scala.concurrent.forkjoin.ForkJoinPool$WorkQueue.runTask(ForkJoinPool.java:1339) ~[scala-library.jar:na]
	at scala.concurrent.forkjoin.ForkJoinPool.runWorker(ForkJoinPool.java:1979) ~[scala-library.jar:na]
	at scala.concurrent.forkjoin.ForkJoinWorkerThread.run(ForkJoinWorkerThread.java:107) ~[scala-library.jar:na]

2014-08-23 19:34:04,391 - [INFO] - from play in play-internal-execution-context-1 
database [default] connected at jdbc:mysql://localhost/geomarket?characterEncoding=UTF-8

2014-08-23 19:34:04,471 - [INFO] - from play in play-internal-execution-context-1 
Application started (Dev)

2014-08-23 19:34:04,476 - [INFO] - from application in play-akka.actor.default-dispatcher-21 
[GetEvents: lat =  0.0  lon = 1.0 language =  EN]

2014-08-23 19:34:21,331 - [INFO] - from application in play-akka.actor.default-dispatcher-18 
[GetEvents: lat =  12.3  lon = 13.1 language =  en]

2014-08-23 19:34:22,274 - [INFO] - from application in play-akka.actor.default-dispatcher-18 
[GetEvents: lat =  12.3  lon = 13.1 language =  en]

2014-08-23 19:34:56,715 - [INFO] - from application in play-akka.actor.default-dispatcher-18 
[GetEvents: lat =  57.7102689  lon = 11.993675 language =  EN]

2014-08-23 19:35:15,065 - [INFO] - from play in play-internal-execution-context-1 
database [default] connected at jdbc:mysql://localhost/geomarket?characterEncoding=UTF-8

2014-08-23 19:35:15,141 - [INFO] - from play in play-internal-execution-context-1 
Application started (Dev)

2014-08-23 19:35:15,147 - [INFO] - from application in play-akka.actor.default-dispatcher-24 
[GetEvents: lat =  12.3  lon = 13.1 language =  en]

2014-08-23 19:35:22,066 - [INFO] - from play in play-internal-execution-context-1 
database [default] connected at jdbc:mysql://localhost/geomarket?characterEncoding=UTF-8

2014-08-23 19:35:22,149 - [INFO] - from play in play-internal-execution-context-1 
Application started (Dev)

2014-08-23 19:35:22,155 - [INFO] - from application in play-akka.actor.default-dispatcher-24 
[GetEvents: lat =  12.3  lon = 13.1 language =  en]

2014-08-23 19:35:34,297 - [INFO] - from play in play-internal-execution-context-1 
database [default] connected at jdbc:mysql://localhost/geomarket?characterEncoding=UTF-8

2014-08-23 19:35:34,379 - [INFO] - from play in play-internal-execution-context-1 
Application started (Dev)

2014-08-23 19:35:34,385 - [INFO] - from application in play-akka.actor.default-dispatcher-24 
[GetEvents: lat =  0.0  lon = 1.0 language =  EN]

2014-08-23 19:35:57,284 - [INFO] - from application in play-akka.actor.default-dispatcher-25 
[GetEvents: lat =  12.3  lon = 13.1 language =  en]

2014-08-23 19:36:09,567 - [INFO] - from application in play-akka.actor.default-dispatcher-24 
[GetEvents: lat =  12.3  lon = 13.1 language =  en]

2014-08-23 19:36:12,894 - [INFO] - from application in play-akka.actor.default-dispatcher-25 
[GetEvents: lat =  12.3  lon = 13.1 language =  en]

2014-08-23 19:36:14,101 - [INFO] - from application in play-akka.actor.default-dispatcher-24 
[GetEvents: lat =  12.3  lon = 13.1 language =  en]

2014-08-23 19:36:15,208 - [INFO] - from application in play-akka.actor.default-dispatcher-24 
[GetEvents: lat =  12.3  lon = 13.1 language =  en]

2014-08-23 19:36:16,284 - [INFO] - from application in play-akka.actor.default-dispatcher-25 
[GetEvents: lat =  12.3  lon = 13.1 language =  en]

2014-08-23 19:36:36,952 - [INFO] - from application in play-akka.actor.default-dispatcher-27 
[GetEvents: lat =  57.7102066  lon = 11.9938078 language =  EN]

2014-08-23 19:36:50,257 - [INFO] - from application in play-akka.actor.default-dispatcher-25 
[GetEvents: lat =  57.7102071  lon = 11.9937972 language =  EN]

2014-08-23 19:42:05,988 - [INFO] - from application in play-akka.actor.default-dispatcher-25 
[GetEvents: lat =  57.7101889  lon = 11.9936763 language =  EN]

2014-08-23 19:43:15,876 - [INFO] - from application in play-akka.actor.default-dispatcher-30 
[GetEvents: lat =  57.7102276  lon = 11.9936914 language =  EN]

2014-08-23 19:44:13,869 - [INFO] - from application in play-akka.actor.default-dispatcher-32 
[GetEvents: lat =  57.7102251  lon = 11.9936908 language =  EN]

2014-08-23 19:46:57,377 - [INFO] - from play in play-internal-execution-context-1 
database [default] connected at jdbc:mysql://localhost/geomarket?characterEncoding=UTF-8

2014-08-23 19:46:57,452 - [INFO] - from play in play-internal-execution-context-1 
Application started (Dev)

2014-08-23 19:46:57,457 - [INFO] - from application in play-akka.actor.default-dispatcher-25 
[GetEvents: lat =  0.0  lon = 1.0 language =  sv]

2014-08-23 19:47:34,451 - [INFO] - from application in play-akka.actor.default-dispatcher-35 
[GetEvents: lat =  57.710223  lon = 11.9937803 language =  EN]

